<?xml version="1.0" encoding="UTF-8"?>
<!-- Generated by org.testng.reporters.JUnitReportReporter -->
<testsuite skipped="1" hostname="EACC33" name="com.qa.hubspot.tests.ContactsPageTest" tests="1" failures="0" timestamp="17 Jul 2020 02:44:39 GMT" time="0.000" errors="0">
  <testcase name="createContactsTest" time="0.000" classname="com.qa.hubspot.tests.ContactsPageTest">
    <skipped/>
  </testcase> <!-- createContactsTest -->
</testsuite> <!-- com.qa.hubspot.tests.ContactsPageTest -->
