<?xml version="1.0" encoding="UTF-8"?>
<!-- Generated by org.testng.reporters.JUnitReportReporter -->
<testsuite skipped="0" hostname="EACC33" name="com.qa.hubspot.tests.LoginPageTest" tests="3" failures="0" timestamp="24 Jul 2020 00:55:30 GMT" time="30.806" errors="0">
  <testcase name="verifySignUpLink" time="2.987" classname="com.qa.hubspot.tests.LoginPageTest"/>
  <testcase name="verifyPageTitleTest" time="9.524" classname="com.qa.hubspot.tests.LoginPageTest"/>
  <testcase name="loginTest" time="18.295" classname="com.qa.hubspot.tests.LoginPageTest"/>
</testsuite> <!-- com.qa.hubspot.tests.LoginPageTest -->
