<?xml version="1.0" encoding="UTF-8"?>
<!-- Generated by org.testng.reporters.JUnitReportReporter -->
<testsuite skipped="0" hostname="EACC33" name="com.qa.hubspot.tests.HomePageTest" tests="3" failures="0" timestamp="2020-07-18T14:16:53 EDT" time="1.702" errors="0">
  <testcase name="verifyHomePageTitle" time="0.104" classname="com.qa.hubspot.tests.HomePageTest"/>
  <system-out/>
  <testcase name="verifyHomePageHeader" time="0.859" classname="com.qa.hubspot.tests.HomePageTest"/>
  <system-out/>
  <testcase name="verifyUserAccountName" time="0.739" classname="com.qa.hubspot.tests.HomePageTest"/>
  <system-out/>
</testsuite> <!-- com.qa.hubspot.tests.HomePageTest -->
