<?xml version="1.0" encoding="UTF-8"?>
<!-- Generated by org.testng.reporters.JUnitReportReporter -->
<testsuite skipped="0" hostname="EACC33" name="com.qa.hubspot.tests.LoginPageTest" tests="8" failures="0" timestamp="2020-07-18T14:16:53 EDT" time="313.730" errors="0">
  <testcase name="verifyPageTitleTest" time="0.046" classname="com.qa.hubspot.tests.LoginPageTest"/>
  <system-out/>
  <testcase name="verifySignUpLink" time="0.857" classname="com.qa.hubspot.tests.LoginPageTest"/>
  <system-out/>
  <testcase name="loginTest" time="8.463" classname="com.qa.hubspot.tests.LoginPageTest"/>
  <system-out/>
  <testcase name="login_invalidTestCase" time="60.971" classname="com.qa.hubspot.tests.LoginPageTest"/>
  <system-out/>
  <testcase name="login_invalidTestCase" time="60.857" classname="com.qa.hubspot.tests.LoginPageTest"/>
  <system-out/>
  <testcase name="login_invalidTestCase" time="60.815" classname="com.qa.hubspot.tests.LoginPageTest"/>
  <system-out/>
  <testcase name="login_invalidTestCase" time="60.849" classname="com.qa.hubspot.tests.LoginPageTest"/>
  <system-out/>
  <testcase name="login_invalidTestCase" time="60.872" classname="com.qa.hubspot.tests.LoginPageTest"/>
  <system-out/>
</testsuite> <!-- com.qa.hubspot.tests.LoginPageTest -->
