<?xml version="1.0" encoding="UTF-8"?>
<!-- Generated by org.testng.reporters.JUnitReportReporter -->
<testsuite skipped="1" hostname="EACC33" name="com.qa.hubspot.tests.ContactsPageTest" tests="2" failures="0" timestamp="2020-07-18T14:16:53 EDT" time="49.501" errors="0">
  <testcase name="verifyContactsPageTitle" time="49.501" classname="com.qa.hubspot.tests.ContactsPageTest"/>
  <system-out/>
  <testcase name="createContactsTest" time="0.000" classname="com.qa.hubspot.tests.ContactsPageTest">
    <skipped/>
  </testcase> <!-- createContactsTest -->
  <system-out/>
</testsuite> <!-- com.qa.hubspot.tests.ContactsPageTest -->
